<?xml version="1.0" encoding="UTF-8"?>
<testng-results ignored="0" total="2" passed="2" failed="0" skipped="0">
  <reporter-output>
  </reporter-output>
  <suite started-at="2026-02-16T11:31:10 IST" name="Suite" finished-at="2026-02-16T11:31:50 IST" duration-ms="40055">
    <groups>
    </groups>
    <test started-at="2026-02-16T11:31:10 IST" name="Test" finished-at="2026-02-16T11:31:50 IST" duration-ms="40055">
      <class name="maven_Project.ClassA">
        <test-method signature="validateLoginPage()[pri:0, instance:maven_Project.ClassA@6ac13091]" started-at="2026-02-16T11:31:10 IST" name="validateLoginPage" finished-at="2026-02-16T11:31:26 IST" duration-ms="15919" status="PASS">
          <reporter-output>
          </reporter-output>
        </test-method> <!-- validateLoginPage -->
      </class> <!-- maven_Project.ClassA -->
      <class name="maven_Project.ClassB">
        <test-method signature="test()[pri:0, instance:maven_Project.ClassB@7f010382]" started-at="2026-02-16T11:31:26 IST" name="test" finished-at="2026-02-16T11:31:50 IST" duration-ms="24007" status="PASS">
          <reporter-output>
          </reporter-output>
        </test-method> <!-- test -->
      </class> <!-- maven_Project.ClassB -->
    </test> <!-- Test -->
  </suite> <!-- Suite -->
</testng-results>
