<?xml version="1.0" encoding="UTF-8"?>
<testng-results ignored="0" total="2" passed="2" failed="0" skipped="0">
  <reporter-output>
  </reporter-output>
  <suite started-at="2026-02-14T12:07:12 IST" name="Suite" finished-at="2026-02-14T12:08:01 IST" duration-ms="48995">
    <groups>
    </groups>
    <test started-at="2026-02-14T12:07:12 IST" name="Test" finished-at="2026-02-14T12:08:01 IST" duration-ms="48995">
      <class name="maven_Project.ClassA">
        <test-method signature="validateLoginPage()[pri:0, instance:maven_Project.ClassA@2a4fb17b]" started-at="2026-02-14T12:07:12 IST" name="validateLoginPage" finished-at="2026-02-14T12:07:27 IST" duration-ms="15231" status="PASS">
          <reporter-output>
          </reporter-output>
        </test-method> <!-- validateLoginPage -->
      </class> <!-- maven_Project.ClassA -->
      <class name="maven_Project.ClassB">
        <test-method signature="test()[pri:0, instance:maven_Project.ClassB@368f2016]" started-at="2026-02-14T12:07:27 IST" name="test" finished-at="2026-02-14T12:08:01 IST" duration-ms="33578" status="PASS">
          <reporter-output>
          </reporter-output>
        </test-method> <!-- test -->
      </class> <!-- maven_Project.ClassB -->
    </test> <!-- Test -->
  </suite> <!-- Suite -->
</testng-results>
